<?xml version="1.0" encoding="UTF-8"?>
<testsuite name="com.andlvovsky.parser.XmlDeviceParserStaxTest" tests="1" skipped="0" failures="0" errors="0" timestamp="2019-12-03T07:46:49" hostname="LAPTOP-V76O4EIE" time="0.009">
  <properties/>
  <testcase name="shouldParseDevice" classname="com.andlvovsky.parser.XmlDeviceParserStaxTest" time="0.009"/>
  <system-out><![CDATA[]]></system-out>
  <system-err><![CDATA[]]></system-err>
</testsuite>
